mQM2 FOUND: 75
m?U FOUND: 72
w FOUND: 93
2wHWD4 FOUND: 4
<2bGgZ FOUND: 14
rkAC>Vi_ FOUND: 85
k0Oc>w`a FOUND: 66
EbUY FOUND: 23
zf FOUND: 99
Kf>uT FOUND: 30
NN1]tjAV FOUND: 33
u^vlZ FOUND: 90
R FOUND: 36
ZnO FOUND: 47
B FOUND: 18
WdRB[M FOUND: 41
ITnJ6Pm FOUND: 28
v5 FOUND: 91
BeQ FOUND: 19
y\2AO: FOUND: 97
bYCK FOUND: 55
?w6^E[ FOUND: 17
IJ[; FOUND: 27
?udR_:C]fz FOUND: 16
;9[VKn FOUND: 10
52VoJU FOUND: 6
Tn FOUND: 39
4 FOUND: 5
W FOUND: 40
\ FOUND: 49
f@ FOUND: 60
bWSJ4G=_m FOUND: 54
;czr?oAM FOUND: 11
e@OSr`P FOUND: 58
Y;M]Vt5 FOUND: 44
xLP\raQZ FOUND: 96
HR>BX:`hC8 FOUND: 26
sXmQL? FOUND: 88
bhoLB NOT FOUND :(
W7LSLgn NOT FOUND :(
EwBkDmD1y2 NOT FOUND :(
T0LUF2<g NOT FOUND :(
A NOT FOUND :(
3R NOT FOUND :(
8^op:j:6e NOT FOUND :(
4@ NOT FOUND :(
5ru:KvVp NOT FOUND :(
XeK8vg;6?D NOT FOUND :(
3mXV`_@wc NOT FOUND :(
oQ0SD NOT FOUND :(
7j@ NOT FOUND :(
1^im NOT FOUND :(
UxIMu NOT FOUND :(
QPEw5] NOT FOUND :(
2yzZ8d NOT FOUND :(
M4mpyXq\ NOT FOUND :(
coU NOT FOUND :(
rr NOT FOUND :(
^ NOT FOUND :(
e\ NOT FOUND :(
S NOT FOUND :(
A><ti NOT FOUND :(
]T NOT FOUND :(
bG@IXkuW NOT FOUND :(
S NOT FOUND :(
VJ NOT FOUND :(
k NOT FOUND :(
^>CyJQ?YG9 NOT FOUND :(
EfT`6kYOH NOT FOUND :(
3pV?Z1 NOT FOUND :(
<l?TcR; NOT FOUND :(
]K\t=\r\5 NOT FOUND :(
cZ NOT FOUND :(
kr8 NOT FOUND :(
P^20_Dp: NOT FOUND :(
2VH> NOT FOUND :(
uBnW NOT FOUND :(
